Permission Checks:
cap_capable
cap_ptrace_access_check
security_capable
security_capable_noaudit
inode_owner_or_capable
has_ns_capability_noaudit
sk_capable
ptracer_capable
netlink_net_capable
ns_capable
__netlink_ns_capable
has_capability
sk_ns_capable
file_ns_capable
capable_wrt_inode_uidgid
sk_net_capable
ns_capable_noaudit
netlink_ns_capable
has_ns_capability
netlink_capable
capable
has_capability_noaudit
__check_sticky
Time Cost: 5.022375 s
Done

Privileged Function Detection:
local_bh_enable.541695
local_bh_disable.541694
tipc_get_err_tlv
unregister_vlan_dev
vlan_dev_change_flags
vlan_dev_set_ingress_priority
phonet_proto_get
raw_init.510143
bcm_init.517582
dn_dev_by_index
dn_dev_create
dn_dev_free_ifa
dn_dev_insert_ifa
dn_dev_alloc_ifa
br2684_setfilt
raw_init.517567
mgslpc_write
copy_params
disk_get_part
scsi_try_host_reset
set_fs_pwd
arc_serial_release_port
write
scsi_run_host_queues
__genwqe_writel
lmc_hssi_set_crc_length
fwtty_proc_show_port
dev_to_rbd_dev
rbd_dev_image_release
rbd_dev_create
cdns_uart_verify_port
get_integer
rbd_dev_device_release
do_ip6t_get_ctl
_dev_err
DAC960_gam_get_controller_info
btrfs_shrink_device
lpuart_request_port
scsi_put_command
max3100_request_port
men_z135_request_port
__dynamic_netdev_dbg
arc_serial_request_port
ulite_request_port
jsm_tty_request_port
get_boolean
call_netdevice_notifiers
vidioc_s_register.364716
ulite_verify_port
ipw_write
sb1000_set_frequency
max3100_verify_port
rp2_uart_verify_port
lpuart_verify_port
serial8250_release_port
cdns_uart_release_port
iosf_mbi_write
mt9m111_g_register
sccnxp_release_port
digicolor_uart_release_port
DAC960_gam_v2_get_health_status
rp2_uart_release_port
name_len.36603
vidioc_s_register.353149
vidioc_s_register.358426
__dynamic_dev_dbg
jsm_tty_release_port
max310x_config_port
vidioc_g_register.362871
__bond_3ad_get_active_agg_info
digicolor_uart_config_port
snapshot_image_loaded
ov9740_get_register
tty_port_tty_get
arc_serial_config_port
cls_bpf_get
max3100_config_port
serial_write
lmc_ssi_set_status
set_framing.296467
jsm_config_port
max310x_get_mctrl
lpuart32_get_mctrl
digicolor_uart_get_mctrl
saa7127_g_register
serial8250_get_mctrl
ocp_reg_write
adv76xx_s_register
max3100_get_mctrl
ext4_double_up_write_data_sem
serial8250_config_port
sccnxp_get_mctrl
lmc_ssi_set_link_status
altera_jtaguart_get_mctrl
rbd_dev_destroy
altera_uart_get_mctrl
alloc_netdev_mqs
v9fs_xattr_set
erst_write
crng_reseed
cs5345_s_register
get_ldops
rp_write
gfs2_set_acl
get_integer.263026
arc_serial_verify_port
reiserfs_set_acl
sccnxp_verify_port
configure_r_port
tpk_write
ext4_get_context
sk_diag_fill.512129
_dev_alert
scsi_try_bus_reset
set_fs_root
atrtr_set_default
get_nr_files
__sb_end_write
do_ebt_get_ctl
hci_dev_reset
video_outputsw_get
fuse_set_acl
serial8250_request_port
route4_get
btrfs_get_fs_root
rp2_uart_config_port
scsi_autopm_get_host
men_z135_verify_port
ext2_set_inode_flags
scsi_try_target_reset
atif_drop_device
ext2_set_acl
qla2x00_get_flash_version
tvp5150_s_register
qla4xxx_session_get_param
ocfs2_set_inode_flags
bpf_tcp_ulp_register
gs_write
altera_jtaguart_release_port
__sb_start_write
kmem_cache_alloc_trace
dev_map_bitmap_size
lmc_ds3_set_crc_length
mtrr_add
btf_get_fd_by_id
inode_set_flags
qla2x00_read_sfp_dev
f2fs_get_context
cx18_av_s_register
ext4_ext_migrate
swap_type_of
ulite_release_port
balloon_set_new_target
prctl_set_mm_exe_file
alloc_swap_info
btrfs_set_prop
jsm_tty_get_mctrl
adv76xx_g_register
mtrr_file_del
put_mtd_device
__genwqe_writeq
write_extent_buffer
adv7511_g_register
set_cred_user_ns
mxser_write
btrfs_set_acl
br_set_ageing_time
set_user
__tnc_set_sync_state
do_handle_to_path
kbd_rate
hibernation_restore
get_random_bytes
blkdev_reset_zones
mtrr_file_add
btrfs_find_device
fst_get_iface
mt9t031_s_register
bpf_dev_offload_check
set_cached_acl
amd_set_subcaches
max310x_verify_port
bpf_prog_get
amd_set_l3_disable_slot
_dev_warn
snapshot_write_finalize
device_statistics_to_skb
tty_vhangup
lmc_ds3_set_status
qla2x00_get_xgmac_stats
bond_set_dev_addr
altera_uart_verify_port
compat_get_entries
iscsi_session_get_param
bpf_offload_find_netdev
lpuart_get_mctrl
sc16is7xx_get_mctrl
ext4_trim_fs
security_context_to_sid_force
rbd_dev_device_setup
rp2_uart_request_port
nfs3_set_acl
__nvram_set_checksum
cs3308_g_register
swsusp_free
m52790_g_register
get_callchain_buffers
vidioc_s_register.361654
bpf_get_trace_printk_proto
mt9v022_g_register
rbd_dev_refresh
sockmap_get_from_fd
rbd_dev_image_probe
upd64031a_s_register
btrfs_init_new_device
packet_cached_dev_reset
alloc_cgroup_ns
bpf_prog_get_type_dev
delete_partition
gfs2_rgrpd_get_first
sc16is7xx_request_port
efivar_entry_set
max310x_request_port
adv7842_s_register
uart_change_pm
cx23888_ir_g_register
xfs_set_acl
ov7670_g_register
jfs_set_acl
men_z135_config_port
bad_inode_set_acl
capinc_tty_write
uart_shutdown
ocfs2_iop_set_acl
cgroup_get_live
ceph_set_acl
mgsl_write
_isofs_bmap
snapshot_get_image_size
security_tun_dev_create
ext4_set_acl
set_device_ro
men_z135_get_mctrl
uart_startup
mlx5e_set_tx_maxrate
get_nth_filter
peer_device_statistics_to_skb
altera_jtaguart_config_port
ov5642_get_register
disk_part_iter_init
proc_pid_get_link
ov5642_set_register
nbd_dev_add
fib_table_delete
opal_set_new_pw
pkt_remove_dev
digicolor_uart_request_port
blkdev_report_zones
f2fs_set_acl
lpuart_release_port
btrfs_scrub_dev
ext4_mark_iloc_dirty
ulite_config_port
rdma_lookup_get_uobject
filemap_write_and_wait
lmc_t1_set_crc_length
credit_entropy_bits_safe
atm_reset_addr
device_to_statistics
hibernation_snapshot
qla2x00_get_dcbx_params
ext4_double_down_write_data_sem
find_set_and_id
reiserfs_xattr_set
max3100_release_port
nilfs_sufile_set_alloc_range
fget
rbd_get_client
dev_exception_clean
punch_hole.69967
qla2x00_write_nvram_data
altera_uart_request_port
vidioc_g_register.363054
btrfs_dev_replace_status
cs3308_s_register
cy_write
sccnxp_request_port
baycom_setmode.250847
generic_drive_reset
get_mem_cgroup_from_mm
kgdb_nmi_tty_write
cs5345_g_register
nilfs_sufile_set_suinfo
jfs_set_inode_flags
saa717x_g_register
btrfs_scan_one_device
cdns_uart_get_mctrl
get_files_struct
pcd_drive_reset
ov2640_s_register
tw9910_s_register
suspend_devices_and_enter
ext4_reserve_inode_write
reiserfs_xattr_get
nilfs_set_inode_flags
goldfish_tty_write
btrfs_grow_device
btrfs_dev_replace_cancel
get_max_files
ifx_spi_write
adv7511_s_register
gfs2_set_inode_flags
qla82xx_get_flash_version
isicom_write
gfs2_set_aops
jffs2_set_acl
compat_get_entries.514628
xfs_set_dmattrs
serial8250_verify_port
gfs2_rgrpd_get_next
peer_device_to_statistics
altera_jtaguart_request_port
cx23888_ir_s_register
ov7670_s_register
dn_fib_get_table
altera_uart_release_port
ubi_detach_mtd_dev
get_hwpoison_page
ext4_bmap
filemap_write_and_wait_range
validate_params
ov772x_s_register
security_context_to_sid
scsi_autopm_put_host
perf_get_event
dev_exceptions_copy
altera_jtaguart_verify_port
altera_uart_config_port
vidioc_s_register.363055
qla24xx_get_flash_version
disk_part_iter_next
men_z135_release_port
fl_lookup.513907
qla25xx_write_nvram_data
sr_reset
sdev_prefix_printk
ov2640_g_register
get_exclusive
ubi_get_by_major
ubi_attach_mtd_dev
get_mtd_device
__bond_opt_set_notify
bond_3ad_get_active_agg_info
arc_serial_get_mctrl
ipvlan_set_port_mode
rsvp_get.505018
dev_get_valid_name
in_range.220608
mii_write
write_eeprom.250544
ax_open.250623
moxa_write
lmc_t1_set_circuit_type
dbc_tty_write
bpf_get_file_flag
fwtty_write
hso_serial_write
rfcomm_tty_write
cx25840_s_register
hvc_write
gsmtty_write
uart_write
prctl_set_auxv
tty_port_put
dgnc_tty_write
con_write
gb_tty_write
pti_tty_driver_write
lmc_dummy_set_1
fore200e_set_oc3
acm_tty_write
pty_write
ntty_write
write.114508
sdio_uart_write
ulite_get_mctrl
isdn_tty_write
ipoctal_write_tty
orinoco_reset
swsusp_swap_in_use
ip_tunnel_update
if_write
baycom_setmode
baycom_setmode.250809
copy_name.36604
compat_table_info.516305
clip_setentry
sb1000_set_PIDs
autostart_arrays
ether_setup
pci_write_config_byte
fst_set_iface
lmc_ssi_set_crc_length
lmc_t1_set_status
dev_get_by_name
vlan_dev_set_egress_priority
pci200_set_iface
tvp5150_g_register
write_pool
pc300_set_iface
b43legacy_radio_set_interference_mitigation
write_mii_word
write_mii_word.293401
set_loopback.296468
blk_rq_init
rp2_uart_get_mctrl
snd_emu10k1_ptr_write
ide_cdrom_reset
rtc_set_time
sccnxp_config_port
vidioc_s_register.362872
dump.296688
vidioc_s_register.354296
ipip6_tunnel_add_prl
br_stp_set_port_priority
br_stp_set_bridge_priority
vidioc_g_register.364715
vidioc_g_register.354295
btrfs_rm_device
vidioc_g_register.358425
setflags
vidioc_g_register.353148
mt9m111_s_register
fl_get
mt9t031_g_register
rtmsg_to_fib6_config
qla24xx_write_nvram_data
ubifs_crypt_get_context
cdns_uart_request_port
ov9640_get_register
lmc_running_reset
upd64083_g_register
vidioc_s_register.350936
mt9v011_g_register
rj54n1_g_register
vidioc_g_register.350935
atif_add_device
aarp_device_down
cls_cgroup_get
cx18_av_g_register
ov772x_g_register
cx25840_g_register
adv7842_g_register
hci_dev_get
mt9m001_g_register
upd64083_s_register
rsvp_get
cdns_uart_config_port
ov9640_set_register
ov9740_set_register
mt9v011_s_register
mt9v022_s_register
rj54n1_s_register
_fat_bmap
atif_probe_device
ovl_xattr_set
saa7127_s_register
saa717x_s_register
m52790_s_register
mt9m001_s_register
check_version.386591
fw_version_show.422058
free_params
to_entry.421388
br_stp_set_enabled
ip6_route_del
orangefs_set_acl
to_attr
do_ipt_get_ctl
sc16is7xx_verify_port
to_entry.422063
sc16is7xx_config_port
to_attr.422062
comedi_device_attach
is_device_busy
arcmsr_get_iop_rqbuffer
video_autosw_get
saa711x_g_register
au8522_g_register
fib_new_table
lpuart_config_port
get_entries
ubi_put_device
snd_emu10k1_fx8010_tram_setup
netdev_master_upper_dev_get
cxgb_set_tx_maxrate
mlx4_en_set_tx_maxrate
hci_dev_close
get_netdev_queue_index
__netif_set_xps_queue
mtrr_del
tw9910_g_register
hci_sock_set_flag
upd64031a_g_register
netif_set_xps_queue
lmc_hssi_set_status
dev_set_alias
tcf_chain_get
register_vlan_device
fw_get
mall_get
basic_get
simple_set_acl
tcindex_get
u32_get
flow_get
ip_vs_get_debug_level
ip_vs_set_timeout
ip_vs_proto_data_get
fib_table_insert
au8522_s_register
saa711x_s_register
fib_get_table
rtentry_to_fib_config
hibernation_platform_enter
ip_tunnel_find
free_all_swap_pages
ip_tunnel_create
pkt_setup_dev
unregister_netdevice_queue
get_entries.512088
comedi_device_detach
hci_dev_open
dev_ifsioc
do_arpt_get_ctl
lmc_hssi_set_link_status
compat_get_entries.512079
__ipv6_dev_ac_inc
ip6_route_add
get_entries.514637
ipip6_tunnel_locate
ipip6_valid_ip_proto
ipip6_tunnel_update
ipip6_tunnel_del_prl
packet_alloc_pending
atif_proxy_probe_device
br_set_forward_delay
br_set_hello_time
br_set_max_age
scsi_try_bus_device_reset
set_conf_from_info
br_get_port
br_stp_set_path_cost
vidioc_g_register.361653
atrtr_device_down
ax25_listen_register
mt9t112_g_register
hci_dev_reset_stat
mt9t112_s_register
hci_dev_cmd
priv_func_num=560
Time Cost: 501.732414 s
Done

Constrain-based Analysis:
vol_cdev_ioctl:get_exclusive:vol_cdev_ioctl
hsr_netdev_notify:call_netdevice_notifiers:x25_ioctl
blk_lookup_devt:disk_get_part:blkpg_ioctl
rbd_dev_remove_parent:rbd_dev_image_release:do_rbd_add
rp_set_termios:configure_r_port:set_config
ulite_console_setup:ulite_request_port:uart_set_info
__wiphy_dbg:__dynamic_dev_dbg:dell_smbios_call_filter
hw_auto_init.463049:_dev_alert:numa_node_store
ovl_other_xattr_set:ovl_xattr_set:ovl_posix_acl_xattr_set
pirq_piix_set:pci_write_config_byte:fst_ioctl
hfsplus_listxattr_finder_info:copy_name.36604:hfsplus_listxattr
sixpack_decode:__tnc_set_sync_state:sixpack_open
erst_writer:erst_write:erst_dbg_write
snapshot_release:free_all_swap_pages:snapshot_ioctl
nci_uart_default_recv_buf:_dev_err:gasket_open
random_write:write_pool:random_ioctl
ialloc:jfs_set_inode_flags:jfs_ioctl
v9fs_xattr_set_acl:v9fs_xattr_set:v9fs_xattr_set_acl
snapshot_open:swap_type_of:snapshot_ioctl
alloc_empty_file:get_nr_files:alloc_empty_file
qla24xx_detect_sfp:qla2x00_read_sfp_dev:qla2x00_sysfs_read_sfp
fscrypt_has_permitted_context:ext4_get_context:fscrypt_ioctl_set_policy
p9_fd_open:fget:btrfs_ioctl_send
dmz_init_zones:blkdev_report_zones:blkdev_report_zones_ioctl
vlan_device_event:unregister_vlan_dev:vlan_ioctl_handler
security_set:reiserfs_xattr_set:trusted_set
ieee802154_create:raw_init.510143:pn_socket_create
ide_prep_sense:blk_rq_init:scsi_ioctl_reset
mac802154_wpan_ioctl:_dev_warn:do_devconfig_ioctl
nfp_net_tx_ring_alloc:netif_set_xps_queue:xps_cpus_store
reiserfs_get_acl:reiserfs_xattr_get:trusted_get
f2fs_set_inode_flags:inode_set_flags:efivarfs_ioc_setxflags
pc300_open:pc300_set_iface:pc300_ioctl
create_user_ns:set_cred_user_ns:userns_install
b43legacy_chip_init:b43legacy_radio_set_interference_mitigation:b43legacy_attr_interfmode_store
ida_pre_get:kmem_cache_alloc_trace:ax25_uid_ioctl
unix_create1:get_max_files:alloc_empty_file
enable_net_traffic:write_mii_word:pegasus_ioctl
lmc_close:lmc_dummy_set_1:lmc_ioctl
__rfcomm_release_dev:tty_vhangup:tty_ioctl
a2mp_getampassoc_rsp:hci_dev_get:hci_sock_bind
uart_configure_port:uart_change_pm:uart_line_info
__btrfs_balance:btrfs_grow_device:btrfs_ioctl_resize
uverbs_get_uobject_from_file:rdma_lookup_get_uobject:ib_uverbs_ex_create_flow
nvram_ioctl:__nvram_set_checksum:nvram_ioctl
mii_set_media:mii_write:rio_ioctl
_snd_emu10k1_init_efx:snd_emu10k1_fx8010_tram_setup:snd_emu10k1_fx8010_ioctl
ceph_init_inode_acls:set_cached_acl:v9fs_xattr_set_acl
dn_dev_up:dn_dev_alloc_ifa:dn_nl_newaddr
arch_phys_wc_add:mtrr_add:mtrr_ioctl
dev_change_name:dev_get_valid_name:tun_set_iff
arcmsr_iop_message_xfer:arcmsr_get_iop_rqbuffer:arcmsr_sysfs_iop_message_read
get_callid:ip_vs_get_debug_level:do_ip_vs_get_ctl
bond_fill_info:bond_3ad_get_active_agg_info:bonding_show_ad_actor_key
dn_fib_empty_table:dn_fib_get_table:dn_fib_rtm_delroute
pci200_open:pci200_set_iface:pci200_ioctl
xsk_release:local_bh_enable.541695:xsk_create
ceph_sync_read:filemap_write_and_wait_range:f2fs_ioc_start_atomic_write
ddp_device_event:atrtr_device_down:atif_ioctl
loop_set_fd:set_device_ro:blkdev_roset
lmc_open:lmc_t1_set_status:lmc_ioctl
xfs_file_ioctl:xfs_set_dmattrs:xfs_compat_fssetdm_by_handle
ovs_netdev_link:dev_get_by_name:sbni_ioctl
dn_dev_set_ifa:dn_dev_free_ifa:dn_nl_newaddr
efibc_set_variable:efivar_entry_set:efivar_create
f2fs_fallocate:punch_hole.69967:f2fs_ioc_release_volatile_write
dev_ioctl:dev_ifsioc:dev_ioctl
__bpf_offload_dev_match:bpf_offload_find_netdev:bpf_map_offload_map_alloc
compat_nf_sockopt:do_arpt_get_ctl:compat_do_arpt_get_ctl
kcm_attach_ioctl:bpf_prog_get_type_dev:bpf_prog_attach
gfs2_create_inode:gfs2_set_aops:do_gfs2_set_flags
ipv6_flowlabel_opt:fl_lookup.513907:ipv6_flowlabel_opt
ovs_netdev_detach_dev:netdev_master_upper_dev_get:rtnl_fdb_del
sctp_unregister_app:ip_vs_proto_data_get:do_ip_vs_get_ctl
addrconf_join_anycast:__ipv6_dev_ac_inc:ipv6_sock_ac_join
devcgroup_online:dev_exceptions_copy:devcgroup_update_access
power_down:suspend_devices_and_enter:snapshot_ioctl
gfs2_statfs_slow:gfs2_rgrpd_get_next:gfs2_fitrim
btrfs_parse_device_options:btrfs_scan_one_device:btrfs_control_ioctl
cachefiles_read_or_alloc_pages:_isofs_bmap:ioctl_fibmap
packet_do_bind:packet_cached_dev_reset:packet_create
qla4xxx_mailbox_command:qla25xx_write_nvram_data:qla2x00_sysfs_write_vpd
dmz_reset_zone:blkdev_reset_zones:blkdev_reset_zones_ioctl
virtnet_set_affinity:__netif_set_xps_queue:xps_rxqs_store
btrfs_init_dev_replace:btrfs_find_device:btrfs_ioctl_resize
check_leaf.68384:btrfs_get_fs_root:btrfs_ioctl_default_subvol
hci_sock_bind:hci_sock_set_flag:hci_sock_ioctl
do_setlink:dev_set_alias:ifalias_store
uart_set_info:uart_startup:uart_do_autoconfig
__nilfs_read_inode:nilfs_set_inode_flags:nilfs_ioctl_setflags
tty_ldisc_get:get_ldops:tty_ldisc_get
ocfs2_refresh_inode:ocfs2_set_inode_flags:ocfs2_set_inode_attr
drop_partitions:disk_part_iter_init:blkpg_ioctl
btrfs_xattr_handler_set_prop:btrfs_set_prop:btrfs_ioctl_setflags
scsi_prep_return:scsi_put_command:scsi_ioctl_reset
uart_tiocmget:digicolor_uart_get_mctrl:uart_line_info
mtrr_close:mtrr_del:mtrr_ioctl
perf_event_alloc:get_callchain_buffers:stack_map_alloc
move_extent_per_page:ext4_double_down_write_data_sem:swap_inode_boot_loader
mt76_get_of_eeprom:put_mtd_device:ctrl_cdev_ioctl
lo_write_bvec:__sb_start_write:xfs_file_ioctl
ipip6_tunnel_uninit:ipip6_tunnel_del_prl:ipip6_tunnel_ioctl
ext4_xattr_set_handle:ext4_mark_iloc_dirty:ext4_ioctl
init_mount_tree:set_fs_root:mntns_install
fib_empty_table:fib_get_table:ip_rt_ioctl
posix_acl_chmod:f2fs_set_acl:set_posix_acl
vfs_get_link:proc_pid_get_link:proc_map_files_get_link
load_image_lzo:snapshot_get_image_size:snapshot_ioctl
total_cnt=108
Time Cost: 2237.872775 s
Done

