Permission Checks:
security_ipc_permission
check_syslog_permissions
inode_permission
security_inode_permission
__inode_permission
nfs_permission
security_file_permission
generic_permission
security_key_permission
may_create
xattr_permission
Time Cost: 5.011673 s
Done

Privileged Function Detection:
unix_find_socket_byinode
btrfs_release_path
ocfs2_reflink
ovl_override_creds
revert_creds
fuse_perm_getattr
uvcg_streaming_class_allow_link
uvcg_control_class_allow_link
target_fabric_mappedlun_link
uvcg_streaming_header_allow_link
target_fabric_port_link
nvmet_port_subsys_allow_link
nvmet_allowed_hosts_allow_link
os_desc_link
pci_epc_epf_link
create_link
target_fabric_mappedlun_unlink
uvcg_streaming_header_drop_link
config_usb_cfg_unlink
nvmet_allowed_hosts_drop_link
nvmet_port_subsys_drop_link
os_desc_unlink
pci_epc_epf_unlink
xattr_resolve_name
ovl_own_xattr_get
nfs4_xattr_get_nfs4_acl
ext4_xattr_trusted_get
ext4_xattr_security_get
hfs_xattr_get
ecryptfs_xattr_get
fuse_xattr_get
btrfs_xattr_handler_get
trusted_get
jfs_xattr_get_os2
jffs2_trusted_getxattr
posix_acl_xattr_get
sockfs_xattr_get
f2fs_xattr_generic_get
xattr_get
hfsplus_security_getxattr
hfsplus_osx_getxattr
hfsplus_user_getxattr
v9fs_xattr_handler_get
ovl_other_xattr_get
ext2_xattr_security_get
ocfs2_xattr_trusted_get
shmem_tmpfile
ufs_create
ext2_tmpfile
bad_inode_tmpfile
f2fs_tmpfile
ramfs_mkdir
hfsplus_create
reiserfs_rename
hfs_create
afs_create
dvb_audio_poll
f2fs_create
proc_tgid_net_readdir
omfs_create
ovl_create
jfs_create
v9fs_vfs_create
udf_mkdir
jffs2_create
ecryptfs_create
ext2_create
cec_poll
bad_inode_create
f2fs_fallocate
minix_create
v9fs_vfs_create_dotl
ramfs_create
nilfs_mknod
f2fs_mknod
batadv_log_poll
efivarfs_create
coda_create
ext4_create
fuse_file_fallocate
unlazy_walk
device_poll
sysv_create
ocfs2_symlink
security_inode_create
btrfs_fallocate
ext4_fallocate
__printk_safe_enter
joydev_poll
security_inode_symlink
gfs2_fallocate
minix_tmpfile
ocfs2_fallocate
xfs_vn_mkdir
ubifs_link
xfs_file_fallocate
perf_poll
fsnotify
coda_link
dev_poll
dma_buf_poll
befs_readdir
vhost_net_chr_poll
binder_poll
ufs_mkdir
udf_create
acpi_aml_poll
signalfd_poll
cm4040_poll
nfs4_xattr_get_nfs4_label
vmci_host_poll
vhci_poll
sysv_mknod
minix_mkdir
no_xattr_get
bad_inode_mkdir
config_usb_cfg_link
hpfs_rename
trace_hardirqs_off
uio_poll
hfi1_poll
orangefs_mkdir
proc_readfdinfo
inotify_poll
ceph_link
ocfs2_create
simple_rename
tun_chr_poll
usb_device_poll
xfs_xattr_get
odev_poll
omfs_readdir
ext4_xattr_user_get
hid_debug_events_poll
xattr_getsecurity
ep_eventpoll_poll
kernfs_iop_mkdir
ext4_link
ib_uverbs_async_event_poll
mon_bin_poll
dvb_dvr_poll
isdn_poll
ceph_rename
afs_xattr_get_cell
tracefs_syscall_mkdir
msdos_create
__sb_start_write
reiserfs_symlink
fdtv_ca_io_poll
phantom_poll
ramfs_symlink
f2fs_rename2
nilfs_rename
mqueue_create
shmem_create
dvb_ca_poll
v9fs_dir_readdir
mounts_poll
nfs_readdir
tower_poll
orangefs_rename
shmem_fallocate
timerfd_poll
uinput_poll
ceph_mknod
mdstat_poll
ecryptfs_symlink
ca8210_test_int_poll
rpmsg_eptdev_poll
hfs_readdir
xenbus_file_poll
serio_raw_poll
dlmfs_create
affs_create
squashfs_xattr_handler_get
fat_fallocate
evdev_poll
nfs42_fallocate
xillybus_poll
iio_event_poll
ocfs2_mkdir
hfs_rename
bpf_inode_type
__fsnotify_parent
ovl_iterate
userio_char_poll
crtc_crc_poll
hfsplus_rename
sysv_readdir
usblp_poll
f_hidg_poll
swaps_poll
uhid_char_poll
btrfs_search_slot
eventfd_poll
bpf_any_get
ocfs2_rename
vcs_poll
orangefs_xattr_get_default
cifs_mkdir
nfs_create
media_poll
kernfs_fop_poll
nfs_symlink
mqueue_poll_file
uvcg_streaming_class_drop_link
syslog_print_all
rtc_dev_poll
syslog_clear
usbdev_poll
nfs_mknod
css_tryget_online_from_dir
coda_return_EIO
btrfs_mkdir
proc_reg_poll
d_alloc
mISDN_poll
ovl_fallocate
dvb_ca_en50221_io_poll
cachefiles_daemon_poll
autofs_dir_symlink
fuse_dev_poll
qib_poll
cifs_fallocate
security_inode_link
ib_uverbs_comp_event_poll
hid_sensor_custom_poll
ufs_mknod
snd_disconnect_poll
hpfs_readdir
snd_hwdep_poll
relay_file_poll
__mnt_is_readonly
xfs_vn_create
ppp_poll
vtpm_proxy_fops_poll
blkdev_fallocate
exofs_create
smsdvb_stats_poll
nosy_poll
pipe_poll
jfs_xattr_get
bpf_prog_inc
hpet_poll
shmem_link
exofs_symlink
set_fs_pwd
sonypi_misc_poll
gnss_poll
port_fops_poll
gfs2_readdir
kernfs_xattr_get
isdn_divert_poll
tracing_buffers_poll
ubifs_tmpfile
ceph_create
orangefs_dir_iterate
snd_compr_poll
security_get
hugetlbfs_create
comedi_poll
userfaultfd_poll
ufs_readdir
get_mm_exe_file
evtchn_poll
sock_poll
orangefs_devreq_poll
pps_cdev_poll
ext4_tmpfile
ext2_mknod
ilo_poll
dlmfs_mkdir
rpc_pipe_poll
configfs_readdir
dvb_demux_poll
ubifs_create
xfs_vn_symlink
snd_seq_poll
iowarrior_poll
shm_fallocate
ovl_symlink
batadv_socket_poll
cifs_readdir
mei_poll
hung_up_tty_poll
divas_poll.393266
coda_psdev_poll
dvb_video_poll
udf_tmpfile
v9fs_vfs_mknod
mport_cdev_poll
capi_poll
mousedev_poll
gfs2_create
fuse_create
bfs_create
switchtec_dev_poll
ib_umad_poll
ir_lirc_poll
ns_revision_poll
jffs2_readdir
touch_atime
lis3lv02d_misc_poll
ceph_fallocate
reiserfs_mknod
__cgroup_bpf_check_dev_permission
snd_timer_user_poll
v9fs_vfs_symlink
printer_poll
v4l2_poll
sysv_rename
reiserfs_create
tty_poll
snd_ctl_poll
ts_poll.346942
ipmi_poll.98230
vmw_fops_poll
dm_poll
_ctl_poll
generic_permission
sync_file_poll
uleds_poll
btrfs_tmpfile
__audit_inode_child
mce_chrdev_poll
hiddev_poll
rt2x00debug_poll_queue_dump
jffs2_symlink
xfs_vn_tmpfile
ubifs_mkdir
proc_root_readdir
ffs_ep0_poll
ovl_posix_acl_xattr_get
proc_sys_poll
ceph_symlink
cache_poll_procfs
ubifs_readdir
ceph_mkdir
hidraw_poll
__sb_end_write
security_bpf_prog
xen_mce_chrdev_poll
ecryptfs_miscdev_poll
tomoyo_poll
divas_poll
orangefs_create
cros_ec_console_log_poll
wdm_poll
comp_poll
roccat_poll
pp_poll
target_fabric_port_unlink
tap_poll
ovl_mknod
fw_device_op_poll
cifs_create
fat_readdir
scif_fdpoll
snd_info_entry_poll
ecryptfs_mknod
ocfs2_mknod
hpfs_create
vfat_mkdir
fsnotify_get_cookie
mbox_test_message_poll
ecryptfs_readdir
ubifs_mknod
megasas_mgmt_poll
jffs2_mknod
btrfs_real_readdir
hugetlbfs_mknod
minix_mknod
bad_inode_mknod
kmsg_poll
ceph_readdir
cifs_mknod
xfs_vn_mknod
__devcgroup_check_permission
jfs_mknod
ipmi_poll.97827
ramfs_mknod
gfs2_rename2
fuse_mknod
proc_tgid_base_readdir
v9fs_vfs_mknod_dotl
hfsplus_mknod
ld_usb_poll
udf_mknod
hpfs_mknod
gfs2_mknod
shmem_mkdir
exofs_mknod
minix_readdir
btrfs_mknod
security_inode_mknod
exofs_mkdir
v9fs_vfs_mkdir_dotl
dvb_frontend_poll
hugetlbfs_mkdir
bpf_mkdir
inode_owner_or_capable
hfs_mkdir
afs_mkdir
fuse_mkdir
gfs2_mkdir
ovl_mkdir
user_get
qnx4_readdir
sysv_mkdir
lineevent_poll
set_fs_root
ns_mkdir_op
autofs_dir_mkdir
ecryptfs_mkdir
coda_mkdir
jffs2_mkdir
reiserfs_mkdir
msdos_mkdir
nilfs_mkdir
f2fs_mkdir
jfs_mkdir
nfs_mkdir
coda_rename
snd_pcm_oss_poll
proc_task_readdir
affs_mkdir
fuse_file_poll
omfs_mkdir
usbtmc_poll
configfs_mkdir
btrfs_link
shmem_xattr_handler_get
proc_map_files_readdir
ntfs_readdir
ext4_mknod
ext2_mkdir
cifs_rename2
squashfs_readdir
ext4_mkdir
hfsplus_trusted_getxattr
hpfs_mkdir
simple_link
bpf_prog_get_ok
security_inode_mkdir
__check_sticky
coda_symlink
ext2_xattr_user_get
shmem_symlink
btrfs_symlink
minix_symlink
bad_inode_symlink
uvcg_control_class_drop_link
proc_readfd
afs_symlink
um_idi_poll
xfs_vn_rename
nilfs_create
affs_symlink
fanotify_poll
ufs_symlink
configfs_symlink
ext4_rename2
sysv_symlink
minix_link
bad_inode_link
nilfs_symlink
f2fs_symlink
jfs_symlink
kernfs_iop_rename
cifs_symlink
udf_symlink
ext2_symlink
hugetlbfs_symlink
gfs2_symlink
bfs_rename
fuse_symlink
orangefs_symlink
bpf_symlink
__break_lease
ihold
afs_link
ext4_symlink
ext2_link
xfs_vn_link
erofs_xattr_generic_get
udf_link
hfsplus_link
ocfs2_link
ufs_link
ecryptfs_link
v9fs_vfs_link
f2fs_link
dlmfs_file_poll
affs_link
nilfs_link
jfs_link
security_inode_getxattr
sysv_link
iio_buffer_poll
ovl_link
f2fs_xattr_advise_get
cifs_hardlink
jffs2_link
nfs_link
exofs_link
shmem_rename2
romfs_readdir
hfsplus_symlink
v9fs_vfs_link_dotl
reiserfs_link
btrfs_create
d_move
__is_local_mountpoint
ubifs_rename
devkmsg_poll
shrink_dcache_parent
security_inode_rename
ubifs_symlink
release_dentry_name_snapshot
take_dentry_name_snapshot
__detach_mounts
exofs_rename
ufs_rename
rfkill_fop_poll
drm_poll
ecryptfs_rename
vfat_create
nfs_rename
fuse_rename2
hpfs_symlink
vfat_rename
random_poll
btrfs_rename2
ext2_rename
ocfs2_xattr_user_get
ovl_rename
ucma_poll
sg_poll
afs_rename
jffs2_rename
bad_inode_rename2
v9fs_vfs_mkdir
minix_rename
proc_sys_readdir
cache_poll_pipefs
jffs2_user_getxattr
omfs_rename
affs_rename2
v9fs_vfs_rename
msdos_rename
softsynth_poll
isofs_readdir
jfs_rename
hfsplus_mkdir
v9fs_vfs_symlink_dotl
d_exchange
cifs_xattr_get
hugetlbfs_fallocate
proc_tid_base_readdir
affs_readdir
tracing_poll_pipe
f2fs_readdir
snd_rawmidi_poll
vxfs_readdir
dcache_readdir
qnx6_readdir
nilfs_readdir
proc_readdir
v9fs_dir_readdir_dotl
afs_readdir
udf_readdir
ext2_xattr_trusted_get
shmem_mknod
exofs_readdir
kernfs_fop_readdir
bfs_readdir
empty_dir_readdir
cramfs_readdir
hfsplus_readdir
fuse_readdir
ts_poll
proc_ns_dir_readdir
efs_readdir
reiserfs_readdir
vga_arb_fpoll
ext2_readdir
goldfish_pipe_poll
udf_rename
proc_attr_dir_readdir
ext4_readdir
down_write_killable
afs_xattr_get_volume
down_read_killable
coda_readdir
adfs_readdir
afs_xattr_get_fid
jfs_readdir
ocfs2_readdir
xfs_file_readdir
erofs_readdir
input_proc_devices_poll
v9fs_xattr_get_acl
ocfs2_xattr_security_get
gfs2_xattr_get
fuse_link
gfs2_link
bfs_link
ceph_get_xattr_handler
jffs2_security_getxattr
priv_func_num=609
Time Cost: 476.921698 s
Done

Constrain-based Analysis:
d_invalidate:__detach_mounts:vfs_rename
sel_remove_entries:shrink_dcache_parent:vfs_rename
perf_event_alloc:css_tryget_online_from_dir:memcg_write_event_control
lo_write_bvec:__sb_end_write:vfs_fallocate
fprop_fraction_percpu:trace_hardirqs_off:do_syslog
ovl_copy_up_flags:ovl_override_creds:ovl_permission
security_file_open:__fsnotify_parent:iterate_dir
bpf_destroy_inode_deferred:bpf_inode_type:bpf_obj_do_get
configfs_unlink:pci_epc_epf_unlink:configfs_symlink
init_mount_tree:set_fs_root:ksys_chroot
remove_extent_item:btrfs_search_slot:btrfs_search_path_in_tree_user
p9_fd_poll:tap_poll:memcg_write_event_control
debugfs_rename:fsnotify_get_cookie:vfs_rename
fuse_atomic_open:fuse_mknod:vfs_whiteout
xfs_break_leased_layouts:__break_lease:vfs_rename
ceph_permission:generic_permission:fuse_permission
get_exec_dcookie:get_mm_exe_file:prctl_set_mm_exe_file
ceph_fill_trace:d_move:vfs_rename
__bpf_prog_get:bpf_prog_get_ok:__get_prog_inode
fuse_permission:fuse_perm_getattr:fuse_permission
vfio_lock_acct:down_write_killable:iterate_dir
__blkdev_get:__cgroup_bpf_check_dev_permission:vfs_mknod
mountpoint_last:unlazy_walk:link_path_walk
dns_query:revert_creds:ovl_permission
xattr_mkdir:hpfs_mkdir:vfs_mkdir
xattr_create:mqueue_create:vfs_create
unix_find_other:touch_atime:unix_find_other
mlx5e_alloc_rq:bpf_prog_inc:__get_prog_inode
__vfs_removexattr:xattr_resolve_name:vfs_getxattr_alloc
total_cnt=29
Time Cost: 600.570503 s
Done

