Permission Checks:
security_task_getioprio
security_inode_mknod
security_task_getscheduler
security_binder_transaction
security_inode_setattr
security_inode_readlink
security_inode_getsecurity
security_socket_recvmsg
security_sb_parse_opts_str
security_msg_queue_alloc
security_task_setpgid
security_task_kill
security_getprocattr
security_socket_connect
security_bprm_set_creds
security_path_chroot
security_file_ioctl
security_sb_alloc
security_socket_bind
security_file_fcntl
security_sock_rcv_skb
security_shm_shmctl
security_kernel_create_files_as
security_sb_umount
security_path_unlink
security_task_fix_setuid
security_vm_enough_memory_mm
security_sem_associate
security_file_send_sigiotask
security_sb_pivotroot
security_prepare_creds
security_quotactl
security_inode_rmdir
security_path_rename
security_inode_copy_up_xattr
security_socket_post_create
security_old_inode_init_security
security_task_movememory
security_audit_rule_match
security_key_alloc
security_socket_getpeersec_stream
security_inode_listxattr
security_inode_link
security_socket_getpeersec_dgram
security_sk_alloc
security_task_setrlimit
security_path_rmdir
security_ismaclabel
security_inode_rename
security_path_symlink
security_task_prctl
security_inode_getxattr
security_task_getsid
security_dentry_init_security
security_inode_removexattr
security_sb_mount
security_unix_may_send
security_sem_alloc
security_inode_killpriv
security_inode_init_security
security_msg_queue_associate
security_secid_to_secctx
security_inode_symlink
security_msg_msg_alloc
security_inode_create
security_inode_getsecctx
security_ipc_permission
security_setprocattr
security_file_open
security_path_link
security_key_permission
security_inode_listsecurity
security_capable
security_file_lock
security_task_setscheduler
security_socket_accept
security_inode_setsecctx
security_path_chmod
security_sb_show_options
security_task_create
security_capable_noaudit
security_file_permission
security_tun_dev_attach
security_inode_alloc
security_audit_rule_init
security_sb_remount
security_file_alloc
security_kernel_act_as
security_shm_alloc
security_capget
security_bprm_check
security_sb_copy_data
security_inode_setxattr
security_netlink_send
security_binder_transfer_binder
security_ptrace_access_check
__ptrace_may_access
security_kernel_read_file
security_path_mkdir
security_path_chown
security_syslog
security_secctx_to_secid
security_xfrm_state_pol_flow_match
security_shm_associate
security_quota_on
security_kernel_post_read_file
security_inode_getattr
security_tun_dev_create
security_inode_need_killpriv
security_file_mprotect
security_xfrm_state_alloc_acquire
security_sem_semctl
security_mmap_file
security_task_setioprio
security_xfrm_policy_lookup
security_binder_set_context_mgr
security_msg_queue_msgrcv
security_audit_rule_known
security_xfrm_state_alloc
security_mmap_addr
security_msg_queue_msgsnd
security_settime64
security_secmark_relabel_packet
security_xfrm_policy_alloc
security_tun_dev_attach_queue
security_inode_notifysecctx
security_task_setnice
security_tun_dev_alloc_security
security_xfrm_decode_session
security_socket_shutdown
security_path_mknod
security_xfrm_state_delete
security_key_getsecurity
security_file_receive
security_dentry_create_files_as
security_socket_setsockopt
security_msg_queue_msgctl
security_socket_getsockname
security_sem_semop
security_inet_conn_request
security_inode_unlink
security_cred_alloc_blank
security_task_wait
security_shm_shmat
security_tun_dev_open
security_task_getpgid
security_bprm_secureexec
security_xfrm_policy_delete
security_path_truncate
security_inode_mkdir
security_sb_statfs
security_kernel_module_request
security_socket_create
security_sb_kern_mount
security_xfrm_policy_clone
security_socket_sendmsg
security_inode_permission
security_sb_clone_mnt_opts
security_unix_stream_connect
security_inode_follow_link
security_socket_getpeername
security_sb_set_mnt_opts
security_socket_getsockopt
security_inode_setsecurity
security_socket_listen
security_inode_copy_up
security_binder_transfer_file
security_ptrace_traceme
security_capset
Time Cost: 5.039610 s
Done

Privileged Function Detection:
dev_get_by_index_rcu
copy_peercred
km_query
xfrm_hash_grow_check
tcp_select_initial_window
tcp_get_cookie_sock
tcp_v4_init_ts_off
tcp_v6_init_ts_off
tcp_v4_init_seq
tcp_reqsk_record_syn
tcp_v4_send_synack
inet_csk_reqsk_queue_add
cookie_v4_init_sequence
__cgroup_bpf_run_filter_sock_ops
tcp_peer_is_proven
put_cmsg
compat_sock_setsockopt
__receive_sock
___pskb_trim
sock_from_file
ax25_shutdown
rfcomm_sock_shutdown
dn_shutdown
pvc_shutdown
llc_ui_getsockopt
nr_getsockopt
rfcomm_sock_getsockopt
kcm_getsockopt
data_sock_getsockopt
hci_sock_getsockopt
raw_getsockopt.517572
vsock_stream_getsockopt
sock_setsockopt
rxrpc_setsockopt
l2cap_sock_setsockopt
tipc_setsockopt
setsockopt
x25_setsockopt
data_sock_setsockopt
rds_setsockopt
hci_sock_setsockopt
raw_setsockopt.517571
smc_connect
inet_dgram_connect
inet_stream_connect
vsock_stream_connect
pvc_connect
caif_connect
rose_connect
x25_connect
pvc_getsockopt
sctp_inet_connect
llcp_sock_connect
ax25_connect
dn_accept
nr_accept
sco_sock_accept
hash_accept_nokey
svc_accept
unix_stream_connect
alg_accept
ax25_accept
inet_accept
sock_no_accept
raw_getname
smc_getname
tipc_getname
sock_no_connect
packet_getname_spkt
packet_getname
rfcomm_sock_getname
l2cap_sock_getname
vsock_getname
hci_sock_getname
pvc_getname
svc_getname
l2tp_ip6_getname
security_secmark_refcount_inc
llc_ui_getname
move_addr_to_user
inet_listen
svc_listen
rfcomm_sock_listen
sctp_inet_listen
l2cap_sock_listen
hci_sock_bind
sock_no_bind
packet_bind_spkt
data_sock_bind
packet_bind
nr_bind
l2cap_sock_bind
rose_bind
llcp_raw_sock_bind
smc_bind
sco_sock_bind
ax25_bind
rds_bind
svc_bind.524461
llcp_sock_bind
xsk_create
l2cap_sock_create
inet6_create
pvc_create
inet_create
ax25_create
svc_create.524460
nfc_sock_create
dn_create
nr_create
pn_socket_create
hci_sock_create
bnep_sock_create
smc_create
x25_create
packet_create
caif_create
rfcomm_sock_create
sock_alloc
security_socket_post_create
sock_release
rng_recvmsg
rawsock_recvmsg
netlink_recvmsg
__xfrm_policy_unlink
unix_seqpacket_recvmsg
sock_no_recvmsg
inet_recvmsg
tun_recvmsg
sock_common_recvmsg
llcp_sock_recvmsg
nr_recvmsg
sco_sock_create
pppoe_recvmsg
hash_recvmsg_nokey
caif_seqpkt_recvmsg
pfkey_recvmsg
l2cap_sock_recvmsg
rfcomm_sock_recvmsg
aead_recvmsg_nokey
rds_recvmsg
kcm_recvmsg
hci_sock_recvmsg
vsock_stream_recvmsg
caif_stream_recvmsg
pppol2tp_sendmsg
kcm_sendmsg
rxrpc_create
hci_sock_sendmsg
tipc_send_packet
tipc_sendmsg
nr_sendmsg
tcp_v6_reqsk_destructor
caif_stream_sendmsg
vsock_stream_sendmsg
rxrpc_sendmsg
rds_sendmsg
aead_sendmsg
packet_sendmsg_spkt
rfcomm_sock_sendmsg
aead_sendmsg_nokey
skcipher_sendmsg_nokey
packet_sendmsg
tipc_sendstream
x25_sendmsg
task_get_unused_fd_flags
bt_sock_create
binder_inc_ref_for_node
binder_new_node
binder_put_node
tun_flow_init
tun_detach_all
llc_ui_connect
alloc_netdev_mqs
unix_dgram_sendmsg
tun_attach
complete_all
put_io_context
tap_sendmsg
ima_lsm_update_rules
ipc_obtain_object_idr
shm_destroy
is_file_shm_hugepages
count_semcnt
unmerge_queues
complexmode_tryleave
ipc_rcu_getref
ipcperms
pppoe_getname
expunge_all
ipc_rcu_putref
ipc_addid
rose_create
finish_open
fscache_io_error
raw_sendmsg.517573
ovl_create_temp
vfs_tmpfile
vfs_setxattr
atalk_connect
xdr_truncate_encode
nfs4_set_security_label
nfs4_do_open
security_sb_parse_opts_str
security_inode_getsecctx
simple_read_from_buffer
iterate_supers
generic_delete_lease
generic_add_lease
hugetlb_file_setup
minix_statfs
coda_statfs
udf_statfs
btrfs_statfs
reiserfs_statfs
xfs_fs_statfs
hugetlbfs_statfs
ecryptfs_statfs
qnx6_statfs
sysv_statfs
ceph_statfs
afs_statfs
v9fs_statfs
simple_statfs
exofs_statfs
qnx4_statfs
befs_statfs
wake_up_q
adfs_statfs
sctp_getname
fuse_statfs
nfs_statfs
romfs_statfs
erofs_statfs
ovl_listxattr
f2fs_listxattr
ext4_listxattr
mISDN_sock_sendmsg
reiserfs_listxattr
smc_accept
gfs2_listxattr
fuse_listxattr
squashfs_listxattr
ext2_listxattr
kernfs_iop_listxattr
generic_listxattr
erofs_listxattr
btrfs_listxattr
pppox_create
ocfs2_listxattr
reiserfs_setattr
hfs_inode_setattr
bad_inode_setattr
btrfs_setattr
omfs_setattr
dlmfs_file_setattr
ufs_setattr
jffs2_setattr
proc_sys_setattr
adfs_notify_change
get_semotime
orangefs_setattr
unix_dgram_connect
exofs_setattr
fuse_setattr
proc_setattr
v9fs_vfs_setattr
f2fs_setattr
proc_notify_change
kernfs_iop_setattr
pfkey_sendmsg
ext4_setattr
ocfs2_setattr
ecryptfs_setattr
sockfs_setattr
packet_setsockopt
empty_dir_setattr
sysv_setattr
unix_shutdown
__init_rwsem
nfs_readdir
ntfs_readdir
compat_sock_getsockopt
jfs_readdir
ceph_readdir
adfs_readdir
coda_readdir
affs_notify_change
down_read_killable
omfs_readdir
vsock_stream_setsockopt
ufs_readdir
configfs_readdir
ext2_statfs
proc_ns_dir_readdir
afs_readdir
proc_attr_dir_readdir
hfs_readdir
tcp_v4_reqsk_destructor
kernfs_fop_readdir
ubifs_readdir
reiserfs_readdir
orangefs_statfs
proc_readdir
proc_tgid_base_readdir
hpfs_readdir
proc_root_readdir
exofs_readdir
fuse_readdir
proc_tid_base_readdir
proc_task_readdir
netlink_setsockopt
gfs2_readdir
ipc_update_perm
proc_readfd
qnx6_readdir
dcache_readdir
proc_map_files_readdir
xfs_file_readdir
ufs_statfs
do_fcntl
release_dentry_name_snapshot
hfs_statfs
d_exchange
fsnotify_get_cookie
hpfs_rename
xfs_vn_rename
ceph_rename
hfs_rename
kernfs_iop_rename
nilfs_rename
jfs_rename
kmem_cache_alloc_trace
jffs2_rename
rose_recvmsg
sysv_rename
simple_rename
msdos_rename
v9fs_vfs_rename
exofs_rename
shmem_rename2
fuse_rename2
vfat_rename
netlink_connect
freeary
bfs_rename
afs_setattr
ecryptfs_rename
nfs_rename
fat_readdir
bad_inode_rename2
ext2_rename
get_task_io_context
udf_rename
hfsplus_rename
coda_rename
ieee802154_sock_sendmsg
sock_no_sendmsg
gfs2_rename2
reiserfs_rename
take_dentry_name_snapshot
llcp_sock_listen
sysv_readdir
__is_local_mountpoint
d_move
shmem_link
cookie_ecn_ok
exofs_link
hugetlbfs_setattr
nfs_link
xsk_getsockopt
jffs2_link
minix_link
simple_link
sco_sock_listen
afs_link
ocfs2_link
nilfs_link
rose_getname
sysv_link
f2fs_link
udf_link
hfsplus_link
fuse_link
ceph_link
bad_inode_link
rxrpc_bind
minix_symlink
rose_listen
sysv_symlink
f2fs_symlink
hpfs_symlink
cifs_symlink
sock_no_shutdown
bcm_connect
ieee802154_sock_bind
gfs2_symlink
ext2_symlink
udf_symlink
xfs_vn_symlink
bad_inode_symlink
shmem_symlink
btrfs_symlink
mISDN_sock_create
jfs_symlink
nilfs_symlink
jffs2_symlink
ubifs_symlink
nfs_namespace_setattr
affs_symlink
fuse_symlink
bpf_symlink
ocfs2_symlink
reiserfs_symlink
hash_sendmsg
ufs_symlink
tipc_bind
vfs_unlink
empty_dir_readdir
ihold
minix_setattr
hfsplus_unlink
xsk_sendmsg
jffs2_unlink
mqueue_unlink
vfat_unlink
fuse_unlink
f2fs_unlink
unix_stream_sendmsg
autofs_dir_unlink
exofs_unlink
btrfs_unlink
hash_recvmsg
ufs_unlink
sysv_unlink
ubifs_listxattr
simple_unlink
kcm_create
pstore_unlink
ubifs_rename
msdos_unlink
coda_unlink
udf_readdir
nilfs_unlink
jfs_unlink
vfs_rmdir
filename_parentat
cifs_rmdir
ext2_rmdir
hfsplus_rmdir
kernfs_iop_rmdir
omfs_remove
bad_inode_rmdir
v9fs_vfs_rmdir
xfs_vn_unlink
ext2_setattr
btrfs_rmdir
exofs_rmdir
shmem_rmdir
hpfs_rmdir
f2fs_rmdir
btrfs_real_readdir
reiserfs_rmdir
ubifs_setattr
vfat_rmdir
simple_rmdir
affs_rmdir
nfs_rmdir
ocfs2_unlink
fuse_rmdir
ntfs_statfs
coda_rmdir
sco_sock_sendmsg
afs_rmdir
minix_rmdir
sock_no_listen
gfs2_unlink
jfs_rmdir
shrink_dcache_parent
hfs_mkdir
ext4_readdir
cifs_mkdir
ubifs_mkdir
kernfs_iop_mkdir
v9fs_vfs_mkdir
dccp_v4_send_response
jfs_mkdir
msdos_mkdir
jffs2_mkdir
rawsock_connect
ns_mkdir_op
tracefs_syscall_mkdir
shmem_mkdir
bpf_prog_warn_on_exec
vfat_mkdir
cramfs_readdir
reiserfs_mkdir
nfs_mkdir
smc_sendmsg
ovl_mkdir
affs_mkdir
afs_listxattr
bad_inode_mkdir
ocfs2_mkdir
ecryptfs_link
ramfs_mkdir
omfs_mkdir
orangefs_mkdir
xfs_vn_mkdir
udf_mkdir
secure_dccpv6_sequence_number
sock_no_setsockopt
ieee802154_sock_connect
bcm_sendmsg
gfs2_mkdir
erofs_readdir
fuse_mkdir
ceph_mkdir
hpfs_mkdir
f2fs_mkdir
sco_sock_getsockopt
afs_mkdir
rxrpc_connect
minix_mkdir
coda_mkdir
vfs_create
ima_post_path_mknod
btrfs_mknod
cifs_mknod
bad_inode_mknod
ovl_mknod
nfs_mknod
coda_return_EIO
sock_no_getsockopt
bcm_recvmsg
gfs2_mknod
hfsplus_mknod
udf_mknod
nilfs_mknod
configfs_unlink
v9fs_vfs_mknod
ext4_mknod
f2fs_mknod
rose_sendmsg
sysv_mknod
ocfs2_mknod
rxrpc_getsockopt
shmem_kernel_file_setup
security_inode_create
rose_accept
sysv_create
ocfs2_readdir
hugetlbfs_create
ext2_create
udf_create
xfs_vn_create
omfs_create
jfs_create
nilfs_create
xsk_setsockopt
f2fs_statfs
jffs2_create
sock_no_getname
gfs2_create
smc_listen
hpfs_setattr
ovl_create
exofs_create
vcc_recvmsg
btrfs_create
xdr_reserve_space
reiserfs_create
ext4_statfs
bfs_create
minix_create
compat_packet_setsockopt
empty_dir_listxattr
affs_create
ocfs2_create
hfs_create
cifs_create
ceph_create
squashfs_statfs
fuse_create
pppol2tp_setsockopt
dlmfs_create
f2fs_create
ax25_setsockopt
ext4_create
mqueue_create
rxrpc_shutdown
minix_rename
__audit_inode_child
nd_jump_root
shmem_listxattr
kernfs_iop_get_link
shmem_get_link
nfs3_listxattr
bad_inode_get_link
proc_map_files_get_link
dn_recvmsg
ramfs_create
v9fs_vfs_get_link
page_get_link
l2cap_sock_shutdown
vxfs_statfs
proc_self_get_link
autofs_get_link
f2fs_encrypted_get_link
proc_pid_get_link
xfs_vn_get_link
simple_get_link
cifs_get_link
v9fs_vfs_get_link_dotl
xfs_vn_get_link_inline
unlazy_walk
cmtp_sock_create
kernel_read
pppol2tp_connect
dlmfs_mkdir
security_inode_readlink
file_free_rcu
fat_setattr
debug_level_proc_open
vxfs_readdir
ceph_mknod
mem_open.222325
ipv6_opt_accepted
x25_getname
wdtpci_temp_open
pmc_core_slps0_dbg_open
pptp_getname
rfkill_fop_open
proc_sys_readdir
batadv_log_open
at86rf230_stats_open
pmc_core_ppfear_sts_open
dbg_tps_open
vsock_accept
orangefs_dir_iterate
congestion_kb_fops_open
seq_ns_stacked_open
llc_ui_recvmsg
as102_open
telem_ioss_trc_verb_open
wil_txdesc_seq_open
idetape_chrdev_open
jfs_loglevel_proc_open
telem_s0ix_fops_open
proc_BSSList_open
stm_char_open
fifo_open
ubifs_unlink
proc_projid_map_open
dn_listen
seq_rawdata_hash_open
bfad_debugfs_open_fwsave
fnic_trace_debugfs_open
bfad_debugfs_open_drvtrc
gntdev_open
simple_open
rawsock_sendmsg
ns_rmdir_op
rt_cpu_seq_open
ocfs2_file_open
snd_open
fan_proc_open
unix_accept
jfs_open
tcp_v4_route_req
snd_pcm_oss_open
shmem_mknod
nd_open
tracefs_syscall_rmdir
tcpm_debug_open
lowpan_enable_fops_open
nsim_debugfs_bpf_string_open
device_resync_extents_open
telem_ioss_state_open
llcp_sock_sendmsg
reservations_open
xfrm_sk_policy_link
proc_single_open
pn_socket_listen
bnad_debugfs_open_fwsave
tipc_listen
interfaces_open
cifs_statfs
vcpu_tsc_scaling_frac_fops_open
qla_dfs_fw_resource_cnt_open
mmc_rpmb_chrdev_open
chcr_stats_open
hugetlbfs_symlink
nfs_unlink
nvmf_dev_open
dwc3_rx_info_queue_open
ci_otg_open
firmware_open
hpfs_mknod
watchdog_open.375005
configfs_get_link
vm_get_page_prot
ocfs2_statfs
efivarfs_unlink
osdmap_show_open
sock_common_getsockopt
mountstats_open
cifs_listxattr
fops_incomplete_addr_phase_open
lpfc_debugfs_hbqinfo_open
vbg_misc_device_user_open
l2cap_sock_sendmsg
__detach_mounts
proc_thread_self_get_link
genwqe_open
keypad_open
rfcomm_sock_bind
memtype_seq_open
ide_drivers_open
ftrace_event_set_pid_open
lpfc_debugfs_cpucheck_open
fops_size_t_open
sge_qstats_open
acpi_system_wakeup_device_open_fs
rfcomm_sock_connect
adis16400_product_id_fops_open
vfs_link
nfp_net_debugfs_rx_q_open
device_ed_gen_id_open
axis_fifo_open
proc_SSID_open
open_file_registers
gpio_chrdev_open
hidp_sock_create
ufs_mknod
smk_open_load2
fl6_update_dst
efi_test_open
privcmd_open
mon_text_open
udf_unlink
_opcode_stats_open
set_semotime
mport_cdev_open
squashfs_readdir
userio_char_open
goldfish_audio_open
viafb_dfph_proc_open
kernel_to_ipc64_perm
proc_tgid_net_readdir
fault_opcodes_open
roccat_open
link_dinode
mounts_open
wake_q_add
mtf_testlist_open
cifs_fallocate
netlink_bind
bfs_unlink
comm_open
xfs_vn_setattr
content_open_procfs
vfs_mkdir
fops_x32_ro_open
ntfs_file_open
llc_ui_listen
fcntl_setlk
minstrel_stats_open
seq_fdinfo_open
udf_rmdir
erst_dbg_open
security_tun_dev_free_security
affs_link
single_open_net
lpfc_debugfs_dumpDif_open
rfcomm_sock_setsockopt
nv_tco_open
perf_event_task_enable
autofs_dir_mkdir
goldfish_pipe_open
open_flush_pipefs
__ipv6_addr_type
minstrel_ht_stats_csv_open
tcp_ecn_create_request
samsung_laptop_call_open
gfs2_open
tty_open
ptdump_open_efi
vsock_dgram_connect
extcpu_fops_open
rng_dev_open
hwsim_simulate_radar_open
unix_seqpacket_sendmsg
binder_transactions_open
scom_open
extfrag_open
sched_autogroup_open
monc_show_open
hpfs_statfs
client_options_show_open
smo8800_misc_open
wil_freq_seq_open
hidma_chan_stats_open
cifs_lookup_cache_proc_open
sbefifo_user_open
shm_may_destroy
features_open
switchtec_dev_open
nbd_dbg_flags_open
snd_hwdep_open
gpio_mockup_event_open
l3mdev_master_ifindex_rcu
jfs_link
serio_raw_open
iowarrior_open
twl_chrdev_open
ts_open
ep_open.410170
tun_sendmsg
seq_rawdata_abi_open
netlink_broadcast
kfd_open
deferred_devs_open
ecryptfs_readdir
uuids_open
aead_recvmsg
debug_async_open
xenvif_io_ring_open
tipc_accept
fops_atomic_t_open
ptrace_link
nodes_fop_open
punit_dev_state_open
nfc_llcp_getsockopt
clk_summary_open
dvb_device_open
dvb_audio_open
nilfs_setattr
genwqe_debugfs_jtimer_open
llcp_sock_accept
ftrace_formats_open
export_features_open
wil_link_stats_seq_open
acpi_aml_open
fops_size_t_ro_open
get_rr_interval_rt
raw_recvmsg.517574
hpfs_create
rpc_dummy_info_open
compat_sock_common_setsockopt
acpi_battery_alarm_proc_open
cuse_open
ffs_ep0_open
snd_info_text_entry_open
vcc_sendmsg
btrfs_link
mousedev_open
__invalid_creds
twa_chrdev_open
xfrm_state_delete
xensyms_open
inet_shutdown
xfs_vn_listxattr
uvc_debugfs_stats_open
megadev_open
alg_setsockopt
jfs_setattr
misc_fops_open
open_file_regdump
hfs_remove
hidraw_open
bad_inode_create
unusable_open
speakup_file_open
callback_history_open
atalk_getname
cma_debugfs_fops_open
jffs2_rmdir
osd_uld_open
status_fops_open
convert_fcntl_cmd
xhci_context_open
ir_lirc_open
stats_open
wiidebug_drm_open
radeon_ttm_vram_open
rds_create
bank_fops_open
misc_open
btrfs_rename2
dvb_video_open
xprt_info_open
fops_u64_wo_open.400630
rxrpc_recvmsg
ab3100_registers_open
cifs_stats_proc_open
v9fs_vfs_mknod_dotl
ecryptfs_mknod
genwqe_debugfs_ddcb_info_open
gasket_open
_opcode_stats_open.418150
ip6_dst_lookup_flow
pn_socket_bind
f2fs_file_open
kcm_setsockopt
video_proc_open
usblp_open
ath6kl_regdump_open
wil_bf_seq_open
clear_warn_once_fops_open
gfs2_sbstats_open
sisusb_open
fops_u64_wo_open
hiddev_open
rose_getsockopt
sysv_rmdir
pmc_core_pll_open
fops_atomic_t_wo_open
fmc_sdb_dump_open
state_dbg_open
long_term_keys_open
chrdev_open
proc_bus_pci_open
ftrace_event_set_open
rfcomm_sock_debugfs_open
xfs_vn_mknod
open_flush_procfs
pmc_core_mphy_pg_sts_open
smc_getsockopt
ovl_symlink
state_open
device_id_open
affs_file_open
fops_sda_open
queues_dbg_open
lpfc_debugfs_nvmektime_open
mt7601u_ampdu_stat_open
_fault_stats_open
sockfs_listxattr
scif_dev_test_open
dvb_dvr_open
l2tp_dfs_seq_open
ip_route_output_flow
netlink_getsockopt
nfs_file_open
base_sock_bind
task_fd_install
eps_dbg_open
vfs_load_quota_inode
kim_list_open
fuse_dir_open
cifs_security_flags_proc_open
rds_getname
ibwdt_open
command_file_open
vm_stat_get_per_vm_open
pn_socket_connect
fops_x16_wo_open
__getparam_dl
packet_getsockopt
affs_unlink
auxdev_open
ss_add
conn_max_interval_fops_open
st_open
isofs_statfs
ocfs2_osb_debug_open
vga_arb_open
filename_create
sched_group_set_shares
pvc_bind
wil_ring_seq_open
fops_u32_ro_open
zf_open
adis16480_flash_count_fops_open
netlbl_unlhsh_add
tap_recvmsg
get_rr_interval_fair
mpx_disable_management
bad_inode_listxattr
xhci_port_open
proc_mpc_open
_driver_stats_names_open
ib_uverbs_open
ipoib_mcg_open
ec_device_open
cramfs_statfs
aa_sfs_seq_open
arch_prctl_spec_ctrl_get
fops_scl_open
nilfs_statfs
jffs2_listxattr
rpc_pipe_open
i8k_open_fs
xhci_ring_open
mon_stat_open
vhost_net_open
ext4_rmdir
component_devices_open
__sb_start_write
genpd_active_time_open
freeque
v4l2_open
fuse_file_fallocate
set_root.26503
dwc3_transfer_type_open
xfs_dir_open
userfaultfd_unmap_complete
adis16480_serial_number_fops_open
bpf_mkdir
vga_switcheroo_debugfs_open
dax_open
ext4_fallocate
btrfs_fallocate
v9fs_dir_readdir
cpuset_mems_allowed
sco_sock_getname
afs_create
debugfs_mode_fops_open
f2fs_fallocate
lcd_proc_open
x25_accept
sched_read_attr
__put_cred
dac960_user_command_proc_open
edid_open
lpfc_debugfs_disc_trc_open
lowpan_context_open
_ctx_stats_open.418139
xfs_file_fallocate
viafb_iga1_odev_proc_open
proc_timers_open
skge_debug_open
sensors_open
fsnotify
pinconf_pins_open
__fsnotify_parent
set_fs_root
tcp_v6_init_seq
debug_open.368956
merge_queues
debug_async_open.306421
tracing_buffers_open
relay_file_open
ntfs_setattr
ovl_open
override_creds
tp_stats_open
configfs_open_file
device_data_gen_id_open
fops_x64_ro_open
touch_atime
snd_info_entry_open
scif_fdopen
do_pages_move
fops_u16_open
do_shm_rmid
snic_stats_open
debugfs_cfg_open
smk_open_cipso2
wil_temp_seq_open
vma_link
del_from_avail_list
smbd_keep_alive_interval_open
dvb_ca_open
pinctrl_open
xsk_bind
tun_flow_uninit
jffs2_readdir
odev_open
data_sock_getname
hsc_open
pps_cdev_open
caif_seqpkt_sendmsg
dentry_lru_show_open
exofs_mknod
perf_event_mmap
init_peercred
eraseblk_count_open
exports_proc_open
count_threshold_ops_open
nr_setsockopt
__set_task_comm
wdt_open
prctl_get_tid_address
pinctrl_devices_open
efi_capsule_open
hfsplus_mkdir
mprotect_fixup
btrfs_mkdir
perf_event_task_disable
advwdt_open
genwqe_debugfs_info_open
ext4_rename2
raw_open
genwqe_debugfs_curr_dbg_uid2_open
vfs_getattr_nosec
cap_open
reqsk_fastopen_remove
__bitmap_subset
do_mmap
ceph_symlink
stat_open
raw_open.440438
policy_get_link
device_open
prctl_set_seccomp
smk_open_load
rawdata_get_link_abi
pmc_pss_state_open
adis16136_flash_count_fops_open
ci_device_open
port_fops_open
pc87413_open
ecryptfs_dir_open
pktgen_if_open
pwm_seq_open
audit_remove_mark
sk_attach_filter
proc_reg_open
irq_debug_open
xenvif_ctrl_open
hfs_file_open
mon_bin_open
security_release_secctx
shmem_fallocate
vfs_mkobj
ipmi_open.98231
proc_ptrace_connector
out_of_line_wait_on_bit
flashcontrol_open
vm_area_alloc
llc_ui_sendmsg
sched_destroy_group
vcpu_stat_fops_open
rsxx_attr_stats_open
u32_array_open
unix_stream_recvmsg
autofs_dir_symlink
pinmux_pins_open
wafwdt_open
ci_qheads_open
fops_ulong_wo_open
lowpan_short_addr_fops_open
acq_open
get_tsc_mode
fusb302_debug_open
task_set_jobctl_pending
__send_signal
ntp_servers_seq_open
ima_inode_post_setattr
autofs_dir_rmdir
pinmux_functions_open
cctrl_tbl_open
fop_open.383761
debug_registers_open.306390
tracing_open_generic_tr
arch_prctl_spec_ctrl_set
lis3lv02d_misc_open
set_dumpable
dwc3_link_state_open
conn_info_min_age_fops_open
cgroup_taskset_next
ovl_iterate
dvb_frontend_open
drbd_version_open
dcache_dir_open
omfs_rename
uhci_debug_open
hrtimer_start_range_ns
reiserfs_mknod
btrfs_opendir
audit_panic
ecryptfs_rmdir
v9fs_vfs_mkdir_dotl
file_ra_state_init
mpx_enable_management
configfs_setattr
fault_open
rss_vf_config_open
set_security_override
bfs_statfs
wil_link_stats_global_seq_open
jiffies_to_timespec64
rxrpc_listen
minix_mknod
adv_max_interval_fops_open
tcp_v6_send_synack
mmc_ext_csd_open
xen_mce_chrdev_open
llc_ui_create
kallsyms_open
update_vsyscall_tz
__audit_log_capset
adpt_open
ovl_dir_open
update_rlimit_cpu
cachefiles_daemon_open
v9fs_vfs_symlink_dotl
ecryptfs_mkdir
link_keys_open
tipc_shutdown
vfs_symlink
change_pid
atk_debugfs_ggrp_open
f2fs_readdir
table_open3
ddebug_proc_open
audit_dupe_rule
sched_feat_open
dfs_file_open
ufs_rmdir
sky2_debug_open
batadv_socket_open
mtdchar_open
ext4_file_open
ovl_fallocate
dvb_ca_en50221_io_open
qp_open
children_seq_open
__bitmap_and
bsg_open
wil_fw_capabilities_seq_open
ubifs_statfs
gfs2_fallocate
pn_socket_getname
vfs_mknod
devlog_open
fops_x8_wo_open
pmbus_debugfs_ops_open
sg_proc_single_open_adio
xfs_file_open
fops_size_t_wo_open
kernfs_fop_open
udf_setattr
wr_log_open
get_rr_interval_idle
ddb_open
blkdev_fallocate
notify_change
musb_test_mode_open
hid_debug_rdesc_open
sched_offline_group
nfs_get_link
lstats_open.29319
svc_getsockopt
yurex_open
nfsd_proc_open
hpfs_unlink
iwl_mvm_d3_test_open
pid_numa_maps_open
debug_registers_open.308619
atalk_recvmsg
random_address_open
in_flight_summary_open
open_kcore
pm_qos_power_open
prctl_set_mm
signal_wake_up_state
cifs_readdir
snic_reset_stats_open
fuse_open
afs_dir_open
sco_sock_shutdown
afs_unlink
snapshot_open
debug_shrink_fops_open
profiles_open
rsxx_attr_pci_regs_open
bpffs_map_open
bdi_debug_stats_open
mic_intr_test_open
hid_sensor_custom_open
genpd_devices_open
tcp_try_fastopen
f2fs_rename2
ath10k_tpc_stats_open
viafb_vt1636_proc_open
mountinfo_open
ocfs2_control_open
ocfs2_rename
mipi_dbi_debugfs_command_open
acpi_thermal_rel_open
fops_u32_wo_open
gnss_open
get_rr_interval_stop
sctp_data_ready
vsock_dgram_sendmsg
snic_trc_open
info_proc_open
drm_stub_open
nvram_open
nr_connect
ns_revision_open
nst_fop_open
mcs_statistics_open
coda_link
tpm_bios_measurements_open
hugetlbfs_fallocate
configfs_open_bin_file
set_tsc_mode
debug_registers_open
sc1200wdt_open
megasas_mgmt_open
pgctrl_open
tracing_stat_open
conn_min_interval_fops_open
dquot_file_open
l2cap_sock_accept
l2tp_ip_getname
crtc_crc_open
fb_open
msdos_rmdir
ima_ascii_measurements_open
rds_getsockopt
genwqe_debugfs_queue_working_time_open
do_truncate
fops_u16_wo_open
tipc_recvstream
security_mmap_file
wil_rx_buff_mgmt_seq_open
proc_scsi_host_open
minix_unlink
soundcore_open
seq_profile_mode_open
mISDN_open
pppoe_sendmsg
ss_wakeup
adv_min_interval_fops_open
sg_open
seq_profile_name_open
kim_version_open
proc_stats_open
decay_interval_ops_open
smk_open_net4addr
ext2_mknod
tasks_open
conn_latency_fops_open
jfs_listxattr
lowpan_ctx_flag_active_fops_open
ptdump_open_curknl
addr_fops_open
asr_open
caps_show_open
smbd_send_credit_target_open
ax25_recvmsg
ext4_symlink
fc_open
viafb_dvp1_proc_open
configfs_mkdir
debug_bandwidth_open
rproc_rsc_table_open
dl_debug_open_common
lpfc_debugfs_nvmeio_trc_open
isofs_readdir
gpiolib_open
netlink_create
mt76x2_dfs_stat_open
do_pages_stat
mboxlog_open
irq_affinity_list_proc_open
pinctrl_pins_open
fops_x8_ro_open
dn_getsockopt
v9fs_vfs_symlink
brcms_debugfs_entry_open
prof_cpu_mask_proc_open
fscrypt_file_open
_qp_stats_open
dn_setsockopt
v9fs_vfs_link
fops_i2400m_suspend_open
vfio_fops_open
xfrm_audit_state_delete
pkt_debugfs_fops_open
isdn_divert_open
ramfs_symlink
ecryptfs_create
voice_setting_fops_open
chaoskey_open
fops_netdev_queue_stopped_open
swaps_open
do_settimeofday64
btrfs_control_open
ax25_getsockopt
ext4_link
idle_timeout_fops_open
environ_open
dccp_v4_reqsk_destructor
nfs4_get_security_label
jfs_mknod
pi433_open
exofs_mkdir
lpfc_debugfs_dumpData_open
x25_recvmsg
protection_open
ubifs_mknod
msdos_create
proc_uid_map_open
ath10k_debug_cal_data_open
orangefs_unlink
epx_c3_open
smbd_max_send_size_open
svc_setsockopt
viafb_dfpl_proc_open
cfam_open
system_tr_open
device_list_open
proc_get_link
pktgen_thread_open
fops_u8_wo_open
ax25_getname
intel_scu_open
tcp_v6_route_req
dispatch_proc_open
exofs_symlink
wil_status_msg_seq_open
cm4040_open
rose_setsockopt
sysv_mkdir
msr_open
keys_proc_open
lstats_open
blk_mq_debugfs_open
device_id_open.519524
pppol2tp_getname
array_open
possible_parents_open
pppoe_connect
orangefs_debug_help_open
cifs_linux_ext_proc_open
cw1200_counters_open
l2cap_sock_getsockopt
romfs_readdir
crc_control_open
fops_u16_ro_open
full_proxy_open
default_affinity_open
hfsplus_create
devkmsg_open
fjes_dbg_status_open
smc_setsockopt
orangefs_listxattr
ovl_unlink
wil_fw_version_seq_open
hash_accept
ufs_mkdir
iio_chrdev_open
ext2_mkdir
supply_map_open
rtc_dev_open
pinconf_dbg_config_open
complexmode_enter
fop_open
llc_ui_setsockopt
vcpu_tsc_offset_fops_open
hid_debug_events_open
dwc3_testmode_open
rds_connect
vhci_open
ds1374_wdt_open
fops_u64_open
configfs_rmdir
prctl_get_seccomp
tid_info_open
befs_readdir
wil_info_seq_open
cpuid_open
usb_pcwd_temperature_open
access_open
fat_statfs
fuse_mknod
fscache_objlist_open
ci_registers_open
unix_bind
alg_bind
sniff_max_interval_fops_open
genpd_perf_state_open
sock_getsockopt
pid_smaps_open
fnic_stats_debugfs_open
ecryptfs_miscdev_open
vcpu_stat_get_per_vm_open
mic_smpt_debug_open
pn_socket_accept
fops_x16_ro_open
clk_open
proc_readfdinfo
ubifs_create
proc_setgroups_open
jffs2_mknod
rndis_proc_open
_driver_stats_open
rfcomm_sock_accept
sco_debugfs_open
lowpan_control_open
_qp_stats_open.418126
pm_qos_dbg_open
uhid_char_open
snd_timer_user_open
zoran_open
nfs_symlink
hugetlbfs_mknod
fwtty_stats_open
fops_iomem_x32_open
asic_mode_open
tracing_time_stamp_mode_open
minix_readdir
hfsplus_symlink
coda_psdev_open
pn_socket_sendmsg
sg_proc_single_open_dressz
fops_x8_open
_ctx_stats_open
debugfs_status_open
registers_open
fuse_get_link
ci_requests_open
nfs_setattr
fops_u64_ro_open
ufs_rename
minstrel_ht_stats_open
pppol2tp_recvmsg
clk_flags_open
cpuset_cpus_allowed
sch311x_wdt_open
debug_mle_open
hfsplus_readdir
rpc_info_open
lpfc_debugfs_dumpHBASlim_open
debug_state_open
inet_sendmsg
wdt_open.383802
packet_recvmsg
ptdump_open
sco_sock_recvmsg
afs_rename
cpu5wdt_open
wil_fops_ulong_open
tomoyo_open
debugfs_open_regset32
divas_open
pppol2tp_getsockopt
dlmfs_unlink
clk_duty_cycle_open
pfn_ops_open
os_scsi_tape_open
smbd_max_fragmented_recv_size_open
ceph_fallocate
pmc_core_ltr_ignore_open
adu_open
wil_tx_latency_seq_open
static_address_open
cma_free_fops_open
xfrm_audit_policy_delete
fifo_open.305153
firmware_info_open
f2fs_get_link
stag_open
vmci_host_open
fops_regval_open.279670
proc_config_open
telem_pss_state_open
snd_rawmidi_open
nosy_open
ufs_link
cw1200_status_open
dma_buf_debug_open
irq_domain_debug_open
gfs2_statfs
sw_sync_debugfs_open
down_write_killable
tlclk_open
bfad_debugfs_open_fwtrc
unpoison_fops_open
cookie_v6_init_sequence
ocfs2_dlm_debug_open
fops_ulong_ro_open
qib_diag_open
subsystem_open
ashmem_open
fops_x64_open
cim_la_open
fwtty_peers_open
mboxlog_open.223062
qib_open
d_l1_down_proc_open
reiserfs_file_open
cmm_open
smaps_rollup_open
dwc3_trb_ring_open
xillybus_open
cifs_rename2
hardware_info_open
musb_regdump_open
bad_file_open
inet_getname
ath10k_fw_stats_open
l2cap_sock_connect
proc_ns_get_link
set_user_nice
fat_fallocate
joydev_open
binder_proc_open
v9fs_vfs_create
sl811h_debug_open
device_act_log_extents_open
vsock_shutdown
r_heartbeat_file_open
affs_readdir
bch_dump_open
ima_measurements_open
xattr_getsecurity
mwave_open
pmc_core_dev_state_open
pzl_open
hwpoison_fops_open
event_trigger_open
drm_open
pt_open
ext4_encrypted_get_link
vma_merge
bnad_debugfs_open_reg
genpd_summary_open
mps_tcam_open
vbg_misc_device_open
smbd_max_receive_size_open
auxv_open
rawdata_get_link_sha1
cim_ibq_open
security_inode_listsecurity
watchdog_open
resolv_list_open
tracing_open_generic
kmemleak_open
dwc3_event_queue_open
l2cap_debugfs_open
affs_statfs
proc_sys_open
reiserfs_unlink
mem_open
afu_open
mt76x0_eeprom_param_open
inet_csk_reqsk_queue_hash_add
hfsplus_setattr
snd_compr_open
sc_fop_open
pptp_bind
v9fs_file_open
fw_mgmt_open
lowpan_ctx_pfx_open
fitpc2_wdt_open
fault_around_bytes_fops_open
smk_open_cipso
debug_async_open.308654
comp_open
no_open
vfs_rename
debug_stats_open
identity_open
llcp_sock_getname
fsl_ssi_stats_open
hwsim_fops_ps_open
can_create
size_to_hstate
telem_pss_trc_verb_open
usb_open
pg_open
identity_resolving_keys_open
nitrox_open
kfd_debugfs_open
capi_open
table_open4
__break_lease
ci_role_open
ftrace_event_avail_open
lowpan_ctx_flag_c_fops_open
sel_open_handle_status
cifs_open
divas_open.393267
cifs_unlink
_tx_opcode_stats_open
netlink_getname
picolcd_debug_reset_open
smbd_receive_credit_max_open
proc_seq_open
um_idi_open
p2m_dump_open
dst_ca_open
stmmac_sysfs_dma_cap_open
rpmsg_ctrldev_open
riocm_cdev_open
pid_maps_open
unix_dgram_recvmsg
tun_net_init
lpfc_debugfs_nodelist_open
trace_open
ecryptfs_get_link
sniff_min_interval_fops_open
vm_stat_fops_open
nfsd_pool_stats_open
ocfs2_fallocate
seq_profile_attach_open
inquiry_cache_open
dn_sendmsg
vol_cdev_open
seq_rawdata_revision_open
orangefs_rename
fuse_dev_open
mdsmap_show_open
lcd_open
media_open
sge_qinfo_open
seq_profile_hash_open
fops_regval_open.280117
traceSMB_proc_open
hpet_open
ath10k_tpc_stats_final_open
ptdump_open_curusr
event_buffer_open
adf_bank_open
genpd_status_open
rss_open
percpu_stats_open
sonypi_misc_open
uleds_open
white_list_open
mic_msi_irq_info_debug_open
smk_open_net6addr
supported_enctypes_open
pinctrl_groups_open
generic_file_open
mdc800_device_open
proc_single_open.29416
bfad_debugfs_open_reg
gfs2_get_link
trace_format_open
agp_open
smc_shutdown
ovl_link
wb_smsc_wdt_open
testmode_open
xfs_vn_link
pmcraid_chr_open
cache_open_procfs
watchdog_open.383126
spidev_open
ieee802154_create
gfs2_link
debug_open
open_port
pp_open
idmouse_open
wil_sta_seq_open
efs_statfs
_rcds_open
mbox_open
llc_ui_shutdown
minstrel_stats_csv_open
do_smart_update
tpmrm_open
genpd_total_idle_time_open
pinctrl_maps_open
ext2_readdir
osdc_show_open
debug_periodic_open.306410
hwsim_fops_group_open
coda_symlink
i2cdev_open
inet_dccp_listen
binder_stats_open
display_open
mISDN_sock_recvmsg
adis16480_product_id_fops_open
xsd_kva_open
seq_ns_name_open
adf_ring_open
fops_u8_open
rss_pf_config_open
vsock_bind
orangefs_devreq_open
eurwdt_open
dai_list_open
statistics_open
genpd_idle_states_open
rss_key_open
mic_dma_reg_debug_open
ovl_get_link
adv_channel_map_fops_open
bad_inode_unlink
f_hidg_open
tracing_trace_options_open
jffs2_statfs
efivarfs_create
aoechr_open
dwc3_mode_open
ubifs_dir_open
fnic_reset_stats_open
qcaspi_info_open
sync_info_debugfs_open
smbd_max_frmr_depth_open
wakeup_sources_stats_open
fops_errno_open
stat_open.71270
kernfs_node_setsecdata
smk_open_onlycap
cim_obq_open
nr_listen
__get_task_comm
gntalloc_open
adis16136_product_id_fops_open
it8712f_wdt_open
event_file_open
cosm_force_reset_debug_open
qla2x00_dfs_fce_open
shm_get_stat
split_huge_pages_fops_open
tw_chrdev_open
xz_dec_test_open
aoe_debugfs_open
wil_memread_seq_open
xfrm_policy_destroy
smsdvb_stats_open
gdth_open
pstore_file_open
ips_debugfs_open
proc_scsi_open
clusterip_proc_open
x25_bind
cache_open_pipefs
ucd9000_debugfs_mfr_status_bit_open
rpmsg_eptdev_open
tcp_openreq_init_rwin
ax25_sendmsg
ext4_unlink
lpfc_idiag_open
fops_i2400m_reset_open
hash_sendmsg_nokey
lp_open
intel_th_output_open
dccp_v6_send_response
atalk_create
rdma_readwrite_threshold_open
cma_maxchunk_fops_open
security_req_classify_flow
ceph_listxattr
vhost_scsi_open
bnad_debugfs_open_fwtrc
mps_trc_open
cifs_setattr
blacklist_open
ax25_listen
nilfs_readdir
dvb_demux_open
binder_open
sel_open_avc_cache_stats
wil_link_seq_open
hidma_dma_info_open
gfs2_glstats_open
vfat_create
mtdswap_open
debugfs_devm_entry_open
isp116x_debug_open
binder_transaction_log_open
btrfs_file_open
x25_listen
fake_panic_fops_open
zs_stats_size_open
open_proxy_open
radeon_ttm_gtt_open
vcpu_tsc_scaling_fops_open
unix_listen
jbd2_seq_info_open
autofs_dir_open
tracing_saved_cmdlines_open
tipc_connect
fops_atomic_t_ro_open
omfs_statfs
bus_info_debugfs_open
options_open
comedi_open.431598
security_secid_to_secctx
pinctrl_gpioranges_open
viafb_dvp0_proc_open
sock_common_setsockopt
ci_port_test_open
fw_device_op_open
rawdata_open
monmap_show_open
pvc_setsockopt
wil_mbox_seq_open
v9fs_vfs_link_dotl
ecryptfs_symlink
tower_open
vsock_create
component_list_open
alloc_file_clone
pmc_dev_state_open
mt76x0_ampdu_stat_open
lowpan_ctx_plen_fops_open
open_file_eeprom
rfcomm_dlc_debugfs_open
dwc3_descriptor_fetch_queue_open
snd_mixer_oss_open
vhost_vsock_dev_open
km_state_notify
seq_ns_level_open
xsd_port_open
debugfs_open
fops_x16_open
snd_seq_open
ocfs2_dir_open
shmem_setattr
scr24x_open
nr_getname
snd_ctl_open
stats_fop_open
rt_cache_seq_open
coda_setattr
ovl_rename
hw_params_open
dn_getname
tipc_sk_create
tracing_open
fops_x64_wo_open
cim_pif_la_open
secure_dccp_sequence_number
inet_bind
coda_open
ext2_unlink
evtchn_open
asl_open
ib_umad_open
evdev_open
table_open1
tipc_getsockopt
ffs_epfile_open
dell_debugfs_open
ext4_mkdir
__sb_end_write
auto_accept_delay_fops_open
svc_shutdown
ca8210_test_int_open
ecryptfs_listxattr
__set_cpus_allowed_ptr
wmi_char_open
suspend_stats_open
cec_error_inj_open
nouveau_debugfs_pstate_open
seq_ns_nsstacked_open
error_type_fops_open
vsoc_open
available_error_type_open
musb_softconnect_open
usb_pcwd_open
nfs4_listxattr
blkdev_open
o2hb_debug_open
rt2x00debug_open_queue_dump
severities_coverage_open
nbd_dbg_tasks_open
proc_scsi_devinfo_open
lpfc_debugfs_nvmestat_open
creds_are_invalid
mce_chrdev_open
exports_nfsd_open
cifs_hardlink
ipmi_open
proc_statsdelta_open
ab3100_otp_open
isdn_open
sysvipc_proc_open
ext2_link
debug_seq_open
rt2x00debug_file_open
mei_open
fops_ulong_open
debug_purgelist_open
intel_th_msc_open
orangefs_create
mdsc_show_open
cosm_log_buf_open
binder_state_open
tk_debug_sleep_time_open
x25_getsockopt
wdtpci_open
qat_dev_cfg_open
gfs2_setattr
md_seq_open
ceph_setattr
input_proc_handlers_open
telem_soc_state_open
proc_APList_open
qnx4_readdir
dwc3_tx_fifo_queue_open
v9fs_listxattr
mraid_mm_open
dccp_v6_reqsk_destructor
atalk_bind
skcipher_recvmsg_nokey
cma_used_fops_open
udelay_test_open
dn_bind
pmbus_debugfs_ops_status_open
genwqe_debugfs_prev_dbg_uid1_open
sel_open_policy
llc_ui_accept
genwqe_debugfs_prev_regs_open
scif_rma_test_open
tap_open
pagemap_open
mtf_test_open
cma_alloc_fops_open
ctl_device_open
nfp_net_debugfs_tx_q_open
mmc_dbg_card_status_fops_open
fm10k_dbg_desc_open
tipc_recvmsg
resources_open.222988
wil_mids_seq_open
ftdi_elan_open
genwqe_debugfs_curr_dbg_uid0_open
efs_readdir
fops_u8_ro_open
params_open
gr_dfs_open
fme_open
send_sig_info
ext4_dir_open
mtrr_open
fops_u32_open
hfsplus_listxattr
genwqe_debugfs_prev_dbg_uid0_open
nfs_create
slabinfo_open
genwqe_debugfs_prev_dbg_uid2_open
vmballoon_debug_open
sco_sock_setsockopt
afs_symlink
tpm_open
ufs_create
smk_open_load_self2
dwc3_tx_request_queue_open
pptp_connect
nfsd_reply_cache_stats_open
inet6_getname
xenbus_backend_open
prism2_download_aux_dump_proc_open
ld_usb_open
smk_open_relabel_self
l2t_seq_open
drm_debugfs_open
ubifs_link
nandsim_debugfs_open
vfio_group_fops_open
dwc3_rx_fifo_queue_open
nfs42_fallocate
pti_char_open
usbdev_open
ilo_open
rawdata_get_link_data
ulprx_la_open
perform_atomic_semop
coda_create
dwc3_rx_request_queue_open
walk_process_tree
device_oldest_requests_open
printer_open
dvb_generic_open
connector_open
dm_open
ali_open
orangefs_symlink
mds_sessions_show_open
iosf_mcr_fops_open
dev_get_valid_name
hfi1_file_open
rbtree_open
usbtmc_open
unix_create
shm_fallocate
remote_oob_open
di_open
netlink_sendmsg
ipoib_path_open
sched_open
v9fs_dir_readdir_dotl
tracing_saved_tgids_open
fops_u64_wo_open.400690
tunables_open
mt7601u_eeprom_param_open
nfc_llcp_setsockopt
drp_avail_open
cifsFYI_proc_open
nilfs_mkdir
wil_srings_seq_open
lpfc_debugfs_dumpHostSlim_open
ceph_unlink
uio_open
lpfc_debugfs_slow_ring_trc_open
nilfs_rmdir
qla_dfs_tgt_counters_open
xenbus_file_open
shmem_create
irq_affinity_proc_open
vsock_listen
orangefs_dir_open
sco_sock_connect
show_traces_open
shmem_statfs
asus_wmi_debugfs_open
adis16400_flash_count_fops_open
ch_open
ie6xx_wdt_dbg_open
ucma_open
ubifs_get_link
timerslack_ns_open
hfsplus_statfs
atk_debugfs_gitm_open
_sdes_open
recent_seq_open
fops_ul_open
ceph_open
nfs_opendir
uinput_open
skcipher_recvmsg
mic_post_code_debug_open
qla_dfs_naqp_open
_sdma_cpu_list_open
nvme_dev_open
pfkey_create
ntfs_dir_open
ecryptfs_unlink
ramfs_mknod
v9fs_vfs_create_dotl
dev_class_open
ovl_statfs
qla2x00_dfs_tgt_port_database_open
proc_wepkey_open
rpc_proc_open
wil_compressed_rx_status_seq_open
viafb_iga2_odev_proc_open
dn_connect
fops_x32_open
cim_ma_la_open
ubifs_rmdir
ppp_open
proc_gid_map_open
ecryptfs_open
info_debugfs_open
content_open_pipefs
inet6_bind
pcipcwd_open
debug_periodic_open.308643
kmsg_open
hfsplus_file_open
bfs_readdir
mt76x2_ampdu_stat_open
vcs_open
llc_ui_bind
fcntl_getlk
ptc_proc_open
proc_comm_connector
meminfo_open
alg_create
stmmac_sysfs_ring_open
synd_fops_open
ima_open_policy
orangefs_debug_open
compat_sock_common_getsockopt
charlcd_open
gb_loopback_latency_open
dlmfs_file_open
clk_dump_open
regulator_summary_open
fop_open.383576
prism2_download_aux_dump_proc_open.275380
raw_bind.517570
privcmd_buf_open
cros_ec_console_log_open
rpa_timeout_fops_open
genwqe_debugfs_curr_regs_open
jfs_statfs
bnad_debugfs_open_drvinfo
vsock_dgram_recvmsg
mmc_ios_open
tracing_open_pipe
table_open2
f2fs_dir_open
cim_qcfg_open
fops_x32_wo_open
ib_umad_sm_open
reiserfs_link
smk_open_load_self
atalk_sendmsg
skcipher_sendmsg
qla2x00_dfs_tgt_sess_open
aac_cfg_open
monitor_device_open
cpuinfo_open
error_inject_fops_open
resources_open
evm_inode_post_setattr
hugetlbfs_mkdir
sge_qinfo_open.223032
debug_periodic_open
proc_status_open
pinconf_groups_open
supervision_timeout_fops_open
bpffs_obj_open
svc_connect
conn_info_max_age_fops_open
dcb_info_open
phantom_open
genpd_sub_domains_open
rss_config_open
configfs_symlink
v9fs_vfs_unlink
wdm_open
fops_regval_open
seq_open_net
input_proc_devices_open
pm_stats_open
memory_open
nfs4_file_open
tx_rate_open
prism2_download_aux_dump_proc_open.275762
grp_opt_proc_open
cec_open
clip_tbl_open
affs_rename2
genwqe_debugfs_curr_dbg_uid1_open
fops_incomplete_write_byte_open
ath6kl_fwlog_open
softsynth_open
powerclamp_debug_open
configfs_dir_open
unix_getname
rproc_carveouts_open
ide_settings_proc_open
bfs_link
ep_open
shmem_unlink
tun_chr_open
pmc_sleep_tmr_open
tp_la_open
afs_mntpt_open
smc_recvmsg
ovl_rmdir
dr_mode_open
afs_open
connection_oldest_requests_open
pcipcwd_temp_open
watchdog_open.382775
priv_func_num=2254
Time Cost: 476.435296 s
Done

Constrain-based Analysis:
sctp_v6_get_dst:fl6_update_dst:cookie_v6_check
dev_mkdir:vfs_mkdir:cachefiles_get_directory
fuse_atomic_open:fuse_mknod:vfs_mknod
hfi1_get_proc_affinity:__bitmap_and:sched_getaffinity
inet_fib_lookup_dev:ip_route_output_flow:cookie_v4_check
ptrace_detach:proc_ptrace_connector:ptrace_attach
dquot_resume:vfs_load_quota_inode:dquot_quota_on_mount
unix_find_other:touch_atime:iterate_dir
cgrp_attach:cgroup_taskset_next:cpuset_can_attach
big_key_preparse:shmem_kernel_file_setup:newseg
get_name.40203:vfs_getattr_nosec:vfs_getattr
dump_truncate:do_truncate:handle_truncate
d_invalidate:__detach_mounts:vfs_rename
ceph_atomic_open:finish_open:gfs2_create_inode
__bprm_mm_init:vm_area_alloc:do_brk_flags
uevent_net_broadcast_tagged:netlink_broadcast:netlink_sendmsg
ceph_fill_trace:d_move:vfs_rename
rds_tcp_listen_init:rds_bind:__sys_bind
ovl_create_real:vfs_create:cachefiles_walk_to_object
path_init:nd_jump_root:trailing_symlink
copy_vma:vma_link:do_brk_flags
__rpc_rmdir:simple_rmdir:vfs_rmdir
xattr_create:vfat_create:vfs_create
xfrm_sk_policy_insert:xfrm_sk_policy_link:clone_policy
xfs_break_leased_layouts:__break_lease:notify_change
tcpnv_init:__cgroup_bpf_run_filter_sock_ops:tcp_conn_request
tcp_connect_init:tcp_select_initial_window:cookie_v6_check
kill_rules:audit_remove_mark:update_lsm_rule
find_alloc_undo:ipc_rcu_getref:semctl_main
xattr_mkdir:coda_mkdir:vfs_mkdir
vfs_whiteout:ext4_mknod:vfs_mknod
do_signal_stop:task_set_jobctl_pending:ptrace_attach
rpcrdma_bc_marshal_reply:xdr_reserve_space:nfsd4_encode_fattr
inet6_fib_lookup_dev:ip6_dst_lookup_flow:cookie_v6_check
con_close_socket:rfcomm_sock_shutdown:__sys_shutdown
___sys_recvmsg:move_addr_to_user:__sys_getpeername
dev_rmdir:vfs_rmdir:do_rmdir
__cfq_slice_expired:put_io_context:set_task_ioprio
vfio_lock_acct:down_write_killable:do_shmat
newary:ipc_addid:newseg
mountpoint_last:unlazy_walk:trailing_symlink
setup_new_exec:set_dumpable:__se_sys_prctl
binder_translate_binder:binder_new_node:binder_ioctl_set_ctx_mgr
xfrm_sk_policy_unlink:__xfrm_policy_unlink:xfrm_policy_byid
binder_thread_write:binder_inc_ref_for_node:binder_translate_handle
inet_csk_complete_hashdance:inet_csk_reqsk_queue_add:tcp_conn_request
xattr_unlink:jfs_unlink:vfs_unlink
create_pipe_files:alloc_file_clone:do_shmat
nfs23_validate_mount_data:security_sb_parse_opts_str:parse_security_options
tun_net_uninit:tun_detach_all:tun_set_iff
kernel_setsockopt:rxrpc_setsockopt:__compat_sys_setsockopt
nfqnl_build_packet_message:security_release_secctx:netlbl_unlabel_staticlist_gen
zap_process:signal_wake_up_state:ptrace_attach
ovl_create_index:ovl_create_temp:ovl_get_tmpfile
kcm_clone:sock_alloc:__sock_create
wake_const_ops:perform_atomic_semop:do_semtimedop
ovl_install_temp:vfs_link:do_linkat
do_output:___pskb_trim:sk_filter_trim_cap
tun_attach_filter:sk_attach_filter:tun_attach
kernel_getpeername:pvc_getname:__sys_getpeername
vfs_get_link:security_inode_readlink:do_readlinkat
debugfs_rename:fsnotify_get_cookie:vfs_rename
selinux_complete_init:iterate_supers:quota_sync_all
tcp_check_req:reqsk_fastopen_remove:tcp_conn_request
ceph_osdc_init:__init_rwsem:inode_init_always
fill_read_buf:file_ra_state_init:do_dentry_open
copy_io:get_task_io_context:set_task_ioprio
lo_write_bvec:__sb_end_write:vfs_fallocate
cachefiles_check_object_xattr:vfs_setxattr:ovl_copy_xattr
xfrm_state_delete_tunnel:xfrm_state_delete:pfkey_delete
tcp_rtx_synack:tcp_v4_send_synack:tcp_conn_request
swap_range_alloc:del_from_avail_list:__se_sys_swapoff
dev_change_name:dev_get_valid_name:tun_set_iff
reiserfs_xattr_set_handle:reiserfs_setattr:notify_change
send_signal:__send_signal:kill_pid_info_as_cred
userfaultfd_unregister:vma_merge:do_brk_flags
nfs4_atomic_open:nfs4_do_open:nfs4_atomic_open
ceph_init_file:debug_level_proc_open:do_dentry_open
init_mount_tree:set_fs_root:ksys_chroot
l3mdev_update_flow:l3mdev_master_ifindex_rcu:cookie_v6_check
sel_remove_entries:shrink_dcache_parent:vfs_rename
do_last:set_root.26503:trailing_symlink
ida_pre_get:kmem_cache_alloc_trace:do_shmat
handle_watch_notify:complete_all:firmware_loading_store
de_thread:change_pid:__se_sys_setpgid
dns_query:override_creds:ovl_get_tmpfile
page_readlink:page_get_link:vfs_get_link
audit_update_watch:audit_dupe_rule:update_lsm_rule
inet6_csk_route_req:security_req_classify_flow:cookie_v6_check
setup_arg_pages:mprotect_fixup:do_mprotect_pkey
total_cnt=90
Time Cost: 2054.890336 s
Done

